<?xml version="1.0" encoding="UTF-8"?>
<!-- Generated by org.testng.reporters.JUnitXMLReporter -->
<testsuite ignored="0" hostname="ATMECSINLT-601" failures="0" tests="10" name="Test2" time="55.458" errors="0" timestamp="2020-10-09T15:45:43 IST">
  <testcase classname="com.atmecs.automating_travelsite.basetest.BaseTest" name="@BeforeMethod beforeTest" time="7.256">
    <failure type="java.lang.AssertionError" message="expected [https://www.skyscanner.co.in/] but found [https://www.skyscanner.co.in/sttc/px/captcha-v2/index.html?url=Lz8=&amp;amp;uuid=5d3a8060-0a18-11eb-a608-891f12b6e2de&amp;amp;vid=]">
      <![CDATA[java.lang.AssertionError: expected [https://www.skyscanner.co.in/] but found [https://www.skyscanner.co.in/sttc/px/captcha-v2/index.html?url=Lz8=&uuid=5d3a8060-0a18-11eb-a608-891f12b6e2de&vid=]
at com.atmecs.automating_travelsite.basetest.BaseTest.beforeTest(BaseTest.java:50)
at java.base/java.util.ArrayList.forEach(ArrayList.java:1510)
at java.base/java.util.concurrent.FutureTask.run(FutureTask.java:264)
at java.base/java.util.concurrent.ThreadPoolExecutor.runWorker(ThreadPoolExecutor.java:1130)
at java.base/java.util.concurrent.ThreadPoolExecutor$Worker.run(ThreadPoolExecutor.java:630)
at java.base/java.lang.Thread.run(Thread.java:832)
... Removed 28 stack frames]]>
    </failure>
  </testcase> <!-- @BeforeMethod beforeTest -->
  <testcase classname="com.atmecs.automating_travelsite.basetest.BaseTest" name="@AfterMethod afterTest" time="-1.602238533555E9">
    <skipped/>
  </testcase> <!-- @AfterMethod afterTest -->
  <testcase classname="com.atmecs.automating_travelsite.basetest.BaseTest" name="@BeforeMethod beforeTest" time="-1.602238533556E9">
    <skipped/>
  </testcase> <!-- @BeforeMethod beforeTest -->
  <testcase classname="com.atmecs.automating_travelsite.basetest.BaseTest" name="@AfterMethod afterTest" time="-1.602238533557E9">
    <skipped/>
  </testcase> <!-- @AfterMethod afterTest -->
  <testcase classname="com.atmecs.automating_travelsite.basetest.BaseTest" name="@BeforeMethod beforeTest" time="-1.602238533557E9">
    <skipped/>
  </testcase> <!-- @BeforeMethod beforeTest -->
  <testcase classname="com.atmecs.automating_travelsite.basetest.BaseTest" name="@AfterMethod afterTest" time="-1.602238533558E9">
    <skipped/>
  </testcase> <!-- @AfterMethod afterTest -->
  <testcase classname="com.atmecs.automating_travelsite.basetest.BaseTest" name="@BeforeMethod beforeTest" time="-1.602238533559E9">
    <skipped/>
  </testcase> <!-- @BeforeMethod beforeTest -->
  <testcase classname="com.atmecs.automating_travelsite.basetest.BaseTest" name="@AfterMethod afterTest" time="-1.602238533559E9">
    <skipped/>
  </testcase> <!-- @AfterMethod afterTest -->
  <testcase classname="com.atmecs.automating_travelsite.basetest.BaseTest" name="@BeforeMethod beforeTest" time="9.721">
    <failure type="java.lang.AssertionError" message="expected [https://www.skyscanner.co.in/] but found [https://www.skyscanner.co.in/sttc/px/captcha-v2/index.html?url=Lz8=&amp;amp;uuid=62796d70-0a18-11eb-ab46-95f0a06f7b6c&amp;amp;vid=]">
      <![CDATA[java.lang.AssertionError: expected [https://www.skyscanner.co.in/] but found [https://www.skyscanner.co.in/sttc/px/captcha-v2/index.html?url=Lz8=&uuid=62796d70-0a18-11eb-ab46-95f0a06f7b6c&vid=]
at com.atmecs.automating_travelsite.basetest.BaseTest.beforeTest(BaseTest.java:50)
at java.base/java.util.ArrayList.forEach(ArrayList.java:1510)
at java.base/java.util.concurrent.FutureTask.run(FutureTask.java:264)
at java.base/java.util.concurrent.ThreadPoolExecutor.runWorker(ThreadPoolExecutor.java:1130)
at java.base/java.util.concurrent.ThreadPoolExecutor$Worker.run(ThreadPoolExecutor.java:630)
at java.base/java.lang.Thread.run(Thread.java:832)
... Removed 28 stack frames]]>
    </failure>
  </testcase> <!-- @BeforeMethod beforeTest -->
  <testcase classname="com.atmecs.automating_travelsite.basetest.BaseTest" name="@AfterMethod afterTest" time="-1.60223854333E9">
    <skipped/>
  </testcase> <!-- @AfterMethod afterTest -->
  <testcase classname="com.atmecs.automating_travelsite.basetest.BaseTest" name="@BeforeMethod beforeTest" time="-1.60223854333E9">
    <skipped/>
  </testcase> <!-- @BeforeMethod beforeTest -->
  <testcase classname="com.atmecs.automating_travelsite.basetest.BaseTest" name="@AfterMethod afterTest" time="-1.602238543331E9">
    <skipped/>
  </testcase> <!-- @AfterMethod afterTest -->
  <testcase classname="com.atmecs.automating_travelsite.basetest.BaseTest" name="@BeforeMethod beforeTest" time="-1.602238543332E9">
    <skipped/>
  </testcase> <!-- @BeforeMethod beforeTest -->
  <testcase classname="com.atmecs.automating_travelsite.basetest.BaseTest" name="@AfterMethod afterTest" time="-1.602238543333E9">
    <skipped/>
  </testcase> <!-- @AfterMethod afterTest -->
  <testcase classname="com.atmecs.automating_travelsite.basetest.BaseTest" name="@BeforeMethod beforeTest" time="-1.602238543333E9">
    <skipped/>
  </testcase> <!-- @BeforeMethod beforeTest -->
  <testcase classname="com.atmecs.automating_travelsite.basetest.BaseTest" name="@AfterMethod afterTest" time="-1.602238543334E9">
    <skipped/>
  </testcase> <!-- @AfterMethod afterTest -->
  <testcase classname="com.atmecs.automating_travelsite.basetest.BaseTest" name="@BeforeMethod beforeTest" time="-1.602238543335E9">
    <skipped/>
  </testcase> <!-- @BeforeMethod beforeTest -->
  <testcase classname="com.atmecs.automating_travelsite.basetest.BaseTest" name="@AfterMethod afterTest" time="-1.602238543335E9">
    <skipped/>
  </testcase> <!-- @AfterMethod afterTest -->
  <testcase classname="com.atmecs.automating_travelsite.tests.SearchingFlight" name="searchingFlight" time="3.056"/>
  <testcase classname="com.atmecs.automating_travelsite.tests.SearchingFlight" name="searchingFlight" time="0.0">
    <skipped/>
  </testcase> <!-- searchingFlight -->
  <testcase classname="com.atmecs.automating_travelsite.tests.SearchingFlight" name="searchingFlight" time="0.0">
    <skipped/>
  </testcase> <!-- searchingFlight -->
  <testcase classname="com.atmecs.automating_travelsite.tests.SearchingFlight" name="searchingFlight" time="0.0">
    <skipped/>
  </testcase> <!-- searchingFlight -->
  <testcase classname="com.atmecs.automating_travelsite.tests.SearchingFlight" name="searchingFlight" time="0.0">
    <skipped/>
  </testcase> <!-- searchingFlight -->
  <testcase classname="com.atmecs.automating_travelsite.tests.HandlingWindow" name="handlingWindow" time="0.0">
    <skipped/>
  </testcase> <!-- handlingWindow -->
  <testcase classname="com.atmecs.automating_travelsite.tests.HandlingWindow" name="handlingWindow" time="0.0">
    <skipped/>
  </testcase> <!-- handlingWindow -->
  <testcase classname="com.atmecs.automating_travelsite.tests.HandlingWindow" name="handlingWindow" time="0.0">
    <skipped/>
  </testcase> <!-- handlingWindow -->
  <testcase classname="com.atmecs.automating_travelsite.tests.HandlingWindow" name="handlingWindow" time="0.0">
    <skipped/>
  </testcase> <!-- handlingWindow -->
  <testcase classname="com.atmecs.automating_travelsite.tests.HandlingWindow" name="handlingWindow" time="0.0">
    <skipped/>
  </testcase> <!-- handlingWindow -->
</testsuite> <!-- Test2 -->
